#
# There is insufficient memory for the Java Runtime Environment to continue.
# Native memory allocation (malloc) failed to allocate 1656880 bytes. Error detail: Chunk::new
# Possible reasons:
#   The system is out of physical RAM or swap space
#   This process is running with CompressedOops enabled, and the Java Heap may be blocking the growth of the native heap
# Possible solutions:
#   Reduce memory load on the system
#   Increase physical memory or swap space
#   Check if swap backing store is full
#   Decrease Java heap size (-Xmx/-Xms)
#   Decrease number of Java threads
#   Decrease Java thread stack sizes (-Xss)
#   Set larger code cache with -XX:ReservedCodeCacheSize=
#   JVM is running with Unscaled Compressed Oops mode in which the Java heap is
#     placed in the first 4GB address space. The Java Heap base address is the
#     maximum limit for the native heap growth. Please use -XX:HeapBaseMinAddress
#     to set the Java Heap base and to place the Java Heap above 4GB virtual address.
# This output file may be truncated or incomplete.
#
#  Out of Memory Error (arena.cpp:168), pid=53536, tid=54584
#
# JRE version: OpenJDK Runtime Environment (21.0.3) (build 21.0.3+-12282718-b509.11)
# Java VM: OpenJDK 64-Bit Server VM (21.0.3+-12282718-b509.11, mixed mode, tiered, compressed oops, compressed class ptrs, g1 gc, windows-amd64)
# No core dump will be written. Minidumps are not enabled by default on client versions of Windows
#

---------------  S U M M A R Y ------------

Command Line: --add-opens=java.base/java.util=ALL-UNNAMED --add-opens=java.base/java.lang=ALL-UNNAMED --add-opens=java.base/java.lang.invoke=ALL-UNNAMED --add-opens=java.prefs/java.util.prefs=ALL-UNNAMED --add-exports=jdk.compiler/com.sun.tools.javac.api=ALL-UNNAMED --add-exports=jdk.compiler/com.sun.tools.javac.util=ALL-UNNAMED --add-opens=java.base/java.nio.charset=ALL-UNNAMED --add-opens=java.base/java.net=ALL-UNNAMED --add-opens=java.base/java.util.concurrent.atomic=ALL-UNNAMED -Xmx2048m -Dfile.encoding=UTF-8 -Duser.country=US -Duser.language=en -Duser.variant -javaagent:C:\Users\pavan\.gradle\wrapper\dists\gradle-8.9-bin\90cnw93cvbtalezasaz0blq0a\gradle-8.9\lib\agents\gradle-instrumentation-agent-8.9.jar org.gradle.launcher.daemon.bootstrap.GradleDaemon 8.9

Host: 12th Gen Intel(R) Core(TM) i7-12700H, 20 cores, 15G,  Windows 11 , 64 bit Build 26100 (10.0.26100.3323)
Time: Thu Mar 20 10:56:46 2025 Sri Lanka Standard Time elapsed time: 3.823964 seconds (0d 0h 0m 3s)

---------------  T H R E A D  ---------------

Current thread (0x000002114f5b8f80):  JavaThread "C2 CompilerThread2" daemon [_thread_in_native, id=54584, stack(0x000000c6b0a00000,0x000000c6b0b00000) (1024K)]


Current CompileTask:
C2:   3824 3007       4       java.net.URLClassLoader$1::run (5 bytes)

Stack: [0x000000c6b0a00000,0x000000c6b0b00000]
Native frames: (J=compiled Java code, j=interpreted, Vv=VM code, C=native code)
V  [jvm.dll+0x6cafb9]
V  [jvm.dll+0x858523]
V  [jvm.dll+0x85aa7e]
V  [jvm.dll+0x85b163]
V  [jvm.dll+0x27d356]
V  [jvm.dll+0xbf93d]
V  [jvm.dll+0xbfe73]
V  [jvm.dll+0x3b1ceb]
V  [jvm.dll+0x1de082]
V  [jvm.dll+0x246c54]
V  [jvm.dll+0x2460d1]
V  [jvm.dll+0x1c5804]
V  [jvm.dll+0x25575c]
V  [jvm.dll+0x253c36]
V  [jvm.dll+0x3ec996]
V  [jvm.dll+0x800d78]
V  [jvm.dll+0x6c98cd]
C  [ucrtbase.dll+0x37b0]
C  [KERNEL32.DLL+0x2e8d7]
C  [ntdll.dll+0xbbf6c]


---------------  P R O C E S S  ---------------

Threads class SMR info:
_java_thread_list=0x0000021156341c10, length=27, elements={
0x0000021134899730, 0x000002114f5787c0, 0x000002114f57b330, 0x000002114f595920,
0x000002114f598390, 0x000002114f598df0, 0x000002114f599850, 0x000002114f59e2c0,
0x000002114f5b9d20, 0x000002114f4a0ce0, 0x000002114f5baac0, 0x00000211540e2590,
0x000002114f5b81e0, 0x000002114f5b8f80, 0x0000021155c00f50, 0x0000021155bfee80,
0x0000021155bfdad0, 0x0000021155bfe7f0, 0x0000021155c008c0, 0x0000021155bff510,
0x0000021155bffba0, 0x0000021155c00230, 0x0000021155f57410, 0x0000021155f54620,
0x0000021155f54cb0, 0x0000021155f55340, 0x0000021155f559d0
}

Java Threads: ( => current thread )
  0x0000021134899730 JavaThread "main"                              [_thread_blocked, id=15176, stack(0x000000c6af500000,0x000000c6af600000) (1024K)]
  0x000002114f5787c0 JavaThread "Reference Handler"          daemon [_thread_blocked, id=27976, stack(0x000000c6afd00000,0x000000c6afe00000) (1024K)]
  0x000002114f57b330 JavaThread "Finalizer"                  daemon [_thread_blocked, id=51460, stack(0x000000c6afe00000,0x000000c6aff00000) (1024K)]
  0x000002114f595920 JavaThread "Signal Dispatcher"          daemon [_thread_blocked, id=34920, stack(0x000000c6aff00000,0x000000c6b0000000) (1024K)]
  0x000002114f598390 JavaThread "Attach Listener"            daemon [_thread_blocked, id=28736, stack(0x000000c6b0000000,0x000000c6b0100000) (1024K)]
  0x000002114f598df0 JavaThread "Service Thread"             daemon [_thread_blocked, id=48004, stack(0x000000c6b0100000,0x000000c6b0200000) (1024K)]
  0x000002114f599850 JavaThread "Monitor Deflation Thread"   daemon [_thread_blocked, id=50300, stack(0x000000c6b0200000,0x000000c6b0300000) (1024K)]
  0x000002114f59e2c0 JavaThread "C2 CompilerThread0"         daemon [_thread_blocked, id=27744, stack(0x000000c6b0300000,0x000000c6b0400000) (1024K)]
  0x000002114f5b9d20 JavaThread "C1 CompilerThread0"         daemon [_thread_blocked, id=16360, stack(0x000000c6b0400000,0x000000c6b0500000) (1024K)]
  0x000002114f4a0ce0 JavaThread "Common-Cleaner"             daemon [_thread_blocked, id=35248, stack(0x000000c6b0500000,0x000000c6b0600000) (1024K)]
  0x000002114f5baac0 JavaThread "C1 CompilerThread1"         daemon [_thread_blocked, id=15404, stack(0x000000c6b0600000,0x000000c6b0700000) (1024K)]
  0x00000211540e2590 JavaThread "Notification Thread"        daemon [_thread_blocked, id=27112, stack(0x000000c6b0800000,0x000000c6b0900000) (1024K)]
  0x000002114f5b81e0 JavaThread "C2 CompilerThread1"         daemon [_thread_in_native, id=28820, stack(0x000000c6b0900000,0x000000c6b0a00000) (1024K)]
=>0x000002114f5b8f80 JavaThread "C2 CompilerThread2"         daemon [_thread_in_native, id=54584, stack(0x000000c6b0a00000,0x000000c6b0b00000) (1024K)]
  0x0000021155c00f50 JavaThread "Daemon health stats"               [_thread_blocked, id=28676, stack(0x000000c6b1100000,0x000000c6b1200000) (1024K)]
  0x0000021155bfee80 JavaThread "Incoming local TCP Connector on port 4493"        [_thread_in_native, id=31416, stack(0x000000c6b1200000,0x000000c6b1300000) (1024K)]
  0x0000021155bfdad0 JavaThread "Daemon periodic checks"            [_thread_blocked, id=5260, stack(0x000000c6b1300000,0x000000c6b1400000) (1024K)]
  0x0000021155bfe7f0 JavaThread "Daemon"                            [_thread_blocked, id=50180, stack(0x000000c6b1400000,0x000000c6b1500000) (1024K)]
  0x0000021155c008c0 JavaThread "Handler for socket connection from /127.0.0.1:4493 to /127.0.0.1:4494"        [_thread_in_native, id=28936, stack(0x000000c6b1500000,0x000000c6b1600000) (1024K)]
  0x0000021155bff510 JavaThread "Cancel handler"                    [_thread_blocked, id=48124, stack(0x000000c6b1600000,0x000000c6b1700000) (1024K)]
  0x0000021155bffba0 JavaThread "Daemon worker"                     [_thread_blocked, id=45668, stack(0x000000c6b1700000,0x000000c6b1800000) (1024K)]
  0x0000021155c00230 JavaThread "Asynchronous log dispatcher for DefaultDaemonConnection: socket connection from /127.0.0.1:4493 to /127.0.0.1:4494"        [_thread_blocked, id=24876, stack(0x000000c6b1800000,0x000000c6b1900000) (1024K)]
  0x0000021155f57410 JavaThread "Stdin handler"                     [_thread_blocked, id=53656, stack(0x000000c6b1900000,0x000000c6b1a00000) (1024K)]
  0x0000021155f54620 JavaThread "Daemon client event forwarder"        [_thread_blocked, id=23500, stack(0x000000c6b1a00000,0x000000c6b1b00000) (1024K)]
  0x0000021155f54cb0 JavaThread "Cache worker for journal cache (C:\Users\pavan\.gradle\caches\journal-1)"        [_thread_blocked, id=28856, stack(0x000000c6b2700000,0x000000c6b2800000) (1024K)]
  0x0000021155f55340 JavaThread "File lock request listener"        [_thread_in_native, id=54668, stack(0x000000c6b2800000,0x000000c6b2900000) (1024K)]
  0x0000021155f559d0 JavaThread "Cache worker for file hash cache (C:\Users\pavan\.gradle\caches\8.9\fileHashes)"        [_thread_blocked, id=13952, stack(0x000000c6b2900000,0x000000c6b2a00000) (1024K)]
Total: 27

Other Threads:
  0x000002114f4e8c60 VMThread "VM Thread"                           [id=19492, stack(0x000000c6afc00000,0x000000c6afd00000) (1024K)]
  0x000002114f4a0090 WatcherThread "VM Periodic Task Thread"        [id=47700, stack(0x000000c6afb00000,0x000000c6afc00000) (1024K)]
  0x0000021136d75870 WorkerThread "GC Thread#0"                     [id=34556, stack(0x000000c6af600000,0x000000c6af700000) (1024K)]
  0x00000211543090b0 WorkerThread "GC Thread#1"                     [id=42596, stack(0x000000c6b0b00000,0x000000c6b0c00000) (1024K)]
  0x00000211545bce40 WorkerThread "GC Thread#2"                     [id=43488, stack(0x000000c6b0c00000,0x000000c6b0d00000) (1024K)]
  0x00000211545bd1e0 WorkerThread "GC Thread#3"                     [id=20176, stack(0x000000c6b0d00000,0x000000c6b0e00000) (1024K)]
  0x0000021154736c70 WorkerThread "GC Thread#4"                     [id=53512, stack(0x000000c6b0e00000,0x000000c6b0f00000) (1024K)]
  0x00000211545bd580 WorkerThread "GC Thread#5"                     [id=55952, stack(0x000000c6b0f00000,0x000000c6b1000000) (1024K)]
  0x0000021155f92680 WorkerThread "GC Thread#6"                     [id=55088, stack(0x000000c6b1b00000,0x000000c6b1c00000) (1024K)]
  0x0000021155f92a20 WorkerThread "GC Thread#7"                     [id=10512, stack(0x000000c6b1c00000,0x000000c6b1d00000) (1024K)]
  0x0000021155fdbe50 WorkerThread "GC Thread#8"                     [id=43412, stack(0x000000c6b1d00000,0x000000c6b1e00000) (1024K)]
  0x0000021155fdc1f0 WorkerThread "GC Thread#9"                     [id=39964, stack(0x000000c6b1e00000,0x000000c6b1f00000) (1024K)]
  0x0000021155f5ef80 WorkerThread "GC Thread#10"                    [id=43680, stack(0x000000c6b1f00000,0x000000c6b2000000) (1024K)]
  0x0000021155f5f320 WorkerThread "GC Thread#11"                    [id=38396, stack(0x000000c6b2000000,0x000000c6b2100000) (1024K)]
  0x0000021155f68980 WorkerThread "GC Thread#12"                    [id=51704, stack(0x000000c6b2100000,0x000000c6b2200000) (1024K)]
  0x0000021155f690c0 WorkerThread "GC Thread#13"                    [id=13728, stack(0x000000c6b2200000,0x000000c6b2300000) (1024K)]
  0x0000021155f69460 WorkerThread "GC Thread#14"                    [id=54356, stack(0x000000c6b2300000,0x000000c6b2400000) (1024K)]
  0x0000021136dc5010 ConcurrentGCThread "G1 Main Marker"            [id=48148, stack(0x000000c6af700000,0x000000c6af800000) (1024K)]
  0x0000021136dc5a20 WorkerThread "G1 Conc#0"                       [id=22128, stack(0x000000c6af800000,0x000000c6af900000) (1024K)]
  0x0000021155f68d20 WorkerThread "G1 Conc#1"                       [id=18196, stack(0x000000c6b2400000,0x000000c6b2500000) (1024K)]
  0x0000021155f69800 WorkerThread "G1 Conc#2"                       [id=40780, stack(0x000000c6b2500000,0x000000c6b2600000) (1024K)]
  0x0000021155f69ba0 WorkerThread "G1 Conc#3"                       [id=51132, stack(0x000000c6b2600000,0x000000c6b2700000) (1024K)]
  0x000002114c302b40 ConcurrentGCThread "G1 Refine#0"               [id=48664, stack(0x000000c6af900000,0x000000c6afa00000) (1024K)]
  0x000002114c3035c0 ConcurrentGCThread "G1 Service"                [id=18848, stack(0x000000c6afa00000,0x000000c6afb00000) (1024K)]
Total: 24

Threads with active compile tasks:
C2 CompilerThread1     3854 3006   !   4       java.net.URLClassLoader::findClass (47 bytes)
C2 CompilerThread2     3854 3007       4       java.net.URLClassLoader$1::run (5 bytes)
Total: 2

VM state: at safepoint (normal execution)

VM Mutex/Monitor currently owned by a thread:  ([mutex/lock_event])
[0x00007ffeb82b20c8] Threads_lock - owner thread: 0x000002114f4e8c60
[0x00007ffeb82b21c8] Heap_lock - owner thread: 0x0000021155bffba0

Heap address: 0x0000000080000000, size: 2048 MB, Compressed Oops mode: 32-bit

CDS archive(s) not mapped
Compressed class space mapped at: 0x0000000100000000-0x0000000140000000, reserved size: 1073741824
Narrow klass base: 0x0000000000000000, Narrow klass shift: 3, Narrow klass range: 0x140000000

GC Precious Log:
 CardTable entry size: 512
 Card Set container configuration: InlinePtr #cards 5 size 8 Array Of Cards #cards 12 size 40 Howl #buckets 4 coarsen threshold 1843 Howl Bitmap #cards 512 size 80 coarsen threshold 460 Card regions per heap region 1 cards per card region 2048
 CPUs: 20 total, 20 available
 Memory: 16068M
 Large Page Support: Disabled
 NUMA Support: Disabled
 Compressed Oops: Enabled (32-bit)
 Heap Region Size: 1M
 Heap Min Capacity: 8M
 Heap Initial Capacity: 252M
 Heap Max Capacity: 2G
 Pre-touch: Disabled
 Parallel Workers: 15
 Concurrent Workers: 4
 Concurrent Refinement Workers: 15
 Periodic GC: Disabled

Heap:
 garbage-first heap   total 87040K, used 74759K [0x0000000080000000, 0x0000000100000000)
  region size 1024K, 64 young (65536K), 11 survivors (11264K)
 Metaspace       used 29714K, committed 30272K, reserved 1114112K
  class space    used 3839K, committed 4096K, reserved 1048576K

Heap Regions: E=young(eden), S=young(survivor), O=old, HS=humongous(starts), HC=humongous(continues), CS=collection set, F=free, TAMS=top-at-mark-start, PB=parsable bottom
|   0|0x0000000080000000, 0x0000000080100000, 0x0000000080100000|100%|HS|  |TAMS 0x0000000080000000| PB 0x0000000080000000| Complete 
|   1|0x0000000080100000, 0x0000000080200000, 0x0000000080200000|100%|HC|  |TAMS 0x0000000080100000| PB 0x0000000080100000| Complete 
|   2|0x0000000080200000, 0x0000000080300000, 0x0000000080300000|100%|HC|  |TAMS 0x0000000080200000| PB 0x0000000080200000| Complete 
|   3|0x0000000080300000, 0x0000000080400000, 0x0000000080400000|100%|HC|  |TAMS 0x0000000080300000| PB 0x0000000080300000| Complete 
|   4|0x0000000080400000, 0x0000000080500000, 0x0000000080500000|100%| O|  |TAMS 0x0000000080400000| PB 0x0000000080400000| Untracked 
|   5|0x0000000080500000, 0x0000000080600000, 0x0000000080600000|100%| O|  |TAMS 0x0000000080500000| PB 0x0000000080500000| Untracked 
|   6|0x0000000080600000, 0x0000000080700000, 0x0000000080700000|100%| O|  |TAMS 0x0000000080600000| PB 0x0000000080600000| Untracked 
|   7|0x0000000080700000, 0x0000000080800000, 0x0000000080800000|100%| O|  |TAMS 0x0000000080700000| PB 0x0000000080700000| Untracked 
|   8|0x0000000080800000, 0x0000000080900000, 0x0000000080900000|100%| O|  |TAMS 0x0000000080800000| PB 0x0000000080800000| Untracked 
|   9|0x0000000080900000, 0x00000000809f3ad8, 0x0000000080a00000| 95%| O|  |TAMS 0x0000000080900000| PB 0x0000000080900000| Untracked 
|  10|0x0000000080a00000, 0x0000000080b00000, 0x0000000080b00000|100%|HS|  |TAMS 0x0000000080a00000| PB 0x0000000080a00000| Complete 
|  11|0x0000000080b00000, 0x0000000080c00000, 0x0000000080c00000|100%| E|CS|TAMS 0x0000000080b00000| PB 0x0000000080b00000| Complete 
|  12|0x0000000080c00000, 0x0000000080d00000, 0x0000000080d00000|100%| E|CS|TAMS 0x0000000080c00000| PB 0x0000000080c00000| Complete 
|  13|0x0000000080d00000, 0x0000000080e00000, 0x0000000080e00000|100%| E|CS|TAMS 0x0000000080d00000| PB 0x0000000080d00000| Complete 
|  14|0x0000000080e00000, 0x0000000080f00000, 0x0000000080f00000|100%| E|CS|TAMS 0x0000000080e00000| PB 0x0000000080e00000| Complete 
|  15|0x0000000080f00000, 0x0000000081000000, 0x0000000081000000|100%| E|CS|TAMS 0x0000000080f00000| PB 0x0000000080f00000| Complete 
|  16|0x0000000081000000, 0x0000000081100000, 0x0000000081100000|100%| E|CS|TAMS 0x0000000081000000| PB 0x0000000081000000| Complete 
|  17|0x0000000081100000, 0x0000000081200000, 0x0000000081200000|100%| E|CS|TAMS 0x0000000081100000| PB 0x0000000081100000| Complete 
|  18|0x0000000081200000, 0x0000000081300000, 0x0000000081300000|100%| E|CS|TAMS 0x0000000081200000| PB 0x0000000081200000| Complete 
|  19|0x0000000081300000, 0x0000000081400000, 0x0000000081400000|100%| E|CS|TAMS 0x0000000081300000| PB 0x0000000081300000| Complete 
|  20|0x0000000081400000, 0x0000000081500000, 0x0000000081500000|100%| E|CS|TAMS 0x0000000081400000| PB 0x0000000081400000| Complete 
|  21|0x0000000081500000, 0x0000000081600000, 0x0000000081600000|100%| E|CS|TAMS 0x0000000081500000| PB 0x0000000081500000| Complete 
|  22|0x0000000081600000, 0x0000000081700000, 0x0000000081700000|100%| E|CS|TAMS 0x0000000081600000| PB 0x0000000081600000| Complete 
|  23|0x0000000081700000, 0x0000000081800000, 0x0000000081800000|100%| E|CS|TAMS 0x0000000081700000| PB 0x0000000081700000| Complete 
|  24|0x0000000081800000, 0x0000000081900000, 0x0000000081900000|100%| E|CS|TAMS 0x0000000081800000| PB 0x0000000081800000| Complete 
|  25|0x0000000081900000, 0x0000000081a00000, 0x0000000081a00000|100%| E|CS|TAMS 0x0000000081900000| PB 0x0000000081900000| Complete 
|  26|0x0000000081a00000, 0x0000000081b00000, 0x0000000081b00000|100%| E|CS|TAMS 0x0000000081a00000| PB 0x0000000081a00000| Complete 
|  27|0x0000000081b00000, 0x0000000081c00000, 0x0000000081c00000|100%| E|CS|TAMS 0x0000000081b00000| PB 0x0000000081b00000| Complete 
|  28|0x0000000081c00000, 0x0000000081d00000, 0x0000000081d00000|100%| E|CS|TAMS 0x0000000081c00000| PB 0x0000000081c00000| Complete 
|  29|0x0000000081d00000, 0x0000000081e00000, 0x0000000081e00000|100%| E|CS|TAMS 0x0000000081d00000| PB 0x0000000081d00000| Complete 
|  30|0x0000000081e00000, 0x0000000081f00000, 0x0000000081f00000|100%| E|CS|TAMS 0x0000000081e00000| PB 0x0000000081e00000| Complete 
|  31|0x0000000081f00000, 0x0000000082000000, 0x0000000082000000|100%| E|CS|TAMS 0x0000000081f00000| PB 0x0000000081f00000| Complete 
|  32|0x0000000082000000, 0x0000000082100000, 0x0000000082100000|100%| E|CS|TAMS 0x0000000082000000| PB 0x0000000082000000| Complete 
|  33|0x0000000082100000, 0x0000000082200000, 0x0000000082200000|100%| E|CS|TAMS 0x0000000082100000| PB 0x0000000082100000| Complete 
|  34|0x0000000082200000, 0x0000000082300000, 0x0000000082300000|100%| E|CS|TAMS 0x0000000082200000| PB 0x0000000082200000| Complete 
|  35|0x0000000082300000, 0x0000000082400000, 0x0000000082400000|100%| E|CS|TAMS 0x0000000082300000| PB 0x0000000082300000| Complete 
|  36|0x0000000082400000, 0x0000000082500000, 0x0000000082500000|100%| E|CS|TAMS 0x0000000082400000| PB 0x0000000082400000| Complete 
|  37|0x0000000082500000, 0x0000000082600000, 0x0000000082600000|100%| E|CS|TAMS 0x0000000082500000| PB 0x0000000082500000| Complete 
|  38|0x0000000082600000, 0x0000000082700000, 0x0000000082700000|100%| E|CS|TAMS 0x0000000082600000| PB 0x0000000082600000| Complete 
|  39|0x0000000082700000, 0x0000000082800000, 0x0000000082800000|100%| E|CS|TAMS 0x0000000082700000| PB 0x0000000082700000| Complete 
|  40|0x0000000082800000, 0x0000000082900000, 0x0000000082900000|100%| E|CS|TAMS 0x0000000082800000| PB 0x0000000082800000| Complete 
|  41|0x0000000082900000, 0x0000000082a00000, 0x0000000082a00000|100%| E|CS|TAMS 0x0000000082900000| PB 0x0000000082900000| Complete 
|  42|0x0000000082a00000, 0x0000000082b00000, 0x0000000082b00000|100%| E|CS|TAMS 0x0000000082a00000| PB 0x0000000082a00000| Complete 
|  43|0x0000000082b00000, 0x0000000082c00000, 0x0000000082c00000|100%| E|CS|TAMS 0x0000000082b00000| PB 0x0000000082b00000| Complete 
|  44|0x0000000082c00000, 0x0000000082d00000, 0x0000000082d00000|100%| E|CS|TAMS 0x0000000082c00000| PB 0x0000000082c00000| Complete 
|  45|0x0000000082d00000, 0x0000000082e00000, 0x0000000082e00000|100%| E|CS|TAMS 0x0000000082d00000| PB 0x0000000082d00000| Complete 
|  46|0x0000000082e00000, 0x0000000082f00000, 0x0000000082f00000|100%| E|CS|TAMS 0x0000000082e00000| PB 0x0000000082e00000| Complete 
|  47|0x0000000082f00000, 0x0000000083000000, 0x0000000083000000|100%| E|CS|TAMS 0x0000000082f00000| PB 0x0000000082f00000| Complete 
|  48|0x0000000083000000, 0x0000000083100000, 0x0000000083100000|100%| E|CS|TAMS 0x0000000083000000| PB 0x0000000083000000| Complete 
|  49|0x0000000083100000, 0x0000000083200000, 0x0000000083200000|100%| E|CS|TAMS 0x0000000083100000| PB 0x0000000083100000| Complete 
|  50|0x0000000083200000, 0x0000000083300000, 0x0000000083300000|100%| E|CS|TAMS 0x0000000083200000| PB 0x0000000083200000| Complete 
|  51|0x0000000083300000, 0x0000000083400000, 0x0000000083400000|100%| E|CS|TAMS 0x0000000083300000| PB 0x0000000083300000| Complete 
|  52|0x0000000083400000, 0x0000000083500000, 0x0000000083500000|100%| E|CS|TAMS 0x0000000083400000| PB 0x0000000083400000| Complete 
|  53|0x0000000083500000, 0x0000000083600000, 0x0000000083600000|100%| E|CS|TAMS 0x0000000083500000| PB 0x0000000083500000| Complete 
|  54|0x0000000083600000, 0x0000000083700000, 0x0000000083700000|100%| E|CS|TAMS 0x0000000083600000| PB 0x0000000083600000| Complete 
|  55|0x0000000083700000, 0x0000000083800000, 0x0000000083800000|100%| E|CS|TAMS 0x0000000083700000| PB 0x0000000083700000| Complete 
|  56|0x0000000083800000, 0x0000000083900000, 0x0000000083900000|100%| E|CS|TAMS 0x0000000083800000| PB 0x0000000083800000| Complete 
|  57|0x0000000083900000, 0x0000000083a00000, 0x0000000083a00000|100%| E|CS|TAMS 0x0000000083900000| PB 0x0000000083900000| Complete 
|  58|0x0000000083a00000, 0x0000000083b00000, 0x0000000083b00000|100%| E|CS|TAMS 0x0000000083a00000| PB 0x0000000083a00000| Complete 
|  59|0x0000000083b00000, 0x0000000083c00000, 0x0000000083c00000|100%| E|CS|TAMS 0x0000000083b00000| PB 0x0000000083b00000| Complete 
|  60|0x0000000083c00000, 0x0000000083d00000, 0x0000000083d00000|100%| E|CS|TAMS 0x0000000083c00000| PB 0x0000000083c00000| Complete 
|  61|0x0000000083d00000, 0x0000000083e00000, 0x0000000083e00000|100%| E|CS|TAMS 0x0000000083d00000| PB 0x0000000083d00000| Complete 
|  62|0x0000000083e00000, 0x0000000083f00000, 0x0000000083f00000|100%| E|CS|TAMS 0x0000000083e00000| PB 0x0000000083e00000| Complete 
|  63|0x0000000083f00000, 0x0000000084000000, 0x0000000084000000|100%| S|  |TAMS 0x0000000083f00000| PB 0x0000000083f00000| Complete 
|  64|0x0000000084000000, 0x0000000084100000, 0x0000000084100000|100%| S|  |TAMS 0x0000000084000000| PB 0x0000000084000000| Complete 
|  65|0x0000000084100000, 0x0000000084200000, 0x0000000084200000|100%| S|  |TAMS 0x0000000084100000| PB 0x0000000084100000| Complete 
|  66|0x0000000084200000, 0x0000000084300000, 0x0000000084300000|100%| S|  |TAMS 0x0000000084200000| PB 0x0000000084200000| Complete 
|  67|0x0000000084300000, 0x0000000084400000, 0x0000000084400000|100%| S|  |TAMS 0x0000000084300000| PB 0x0000000084300000| Complete 
|  68|0x0000000084400000, 0x0000000084500000, 0x0000000084500000|100%| S|  |TAMS 0x0000000084400000| PB 0x0000000084400000| Complete 
|  69|0x0000000084500000, 0x0000000084600000, 0x0000000084600000|100%| S|  |TAMS 0x0000000084500000| PB 0x0000000084500000| Complete 
|  70|0x0000000084600000, 0x0000000084700000, 0x0000000084700000|100%| S|  |TAMS 0x0000000084600000| PB 0x0000000084600000| Complete 
|  71|0x0000000084700000, 0x0000000084800000, 0x0000000084800000|100%| S|  |TAMS 0x0000000084700000| PB 0x0000000084700000| Complete 
|  72|0x0000000084800000, 0x0000000084900000, 0x0000000084900000|100%| S|  |TAMS 0x0000000084800000| PB 0x0000000084800000| Complete 
|  73|0x0000000084900000, 0x0000000084a00000, 0x0000000084a00000|100%| S|  |TAMS 0x0000000084900000| PB 0x0000000084900000| Complete 
|  74|0x0000000084a00000, 0x0000000084b00000, 0x0000000084b00000|100%| S|  |TAMS 0x0000000084a00000| PB 0x0000000084a00000| Complete 
| 175|0x000000008af00000, 0x000000008af0e148, 0x000000008b000000|  5%| E|CS|TAMS 0x000000008af00000| PB 0x000000008af00000| Complete 
| 176|0x000000008b000000, 0x000000008b100000, 0x000000008b100000|100%| E|CS|TAMS 0x000000008b000000| PB 0x000000008b000000| Complete 
| 177|0x000000008b100000, 0x000000008b200000, 0x000000008b200000|100%| E|CS|TAMS 0x000000008b100000| PB 0x000000008b100000| Complete 
| 178|0x000000008b200000, 0x000000008b300000, 0x000000008b300000|100%| E|CS|TAMS 0x000000008b200000| PB 0x000000008b200000| Complete 
| 179|0x000000008b300000, 0x000000008b400000, 0x000000008b400000|100%| E|CS|TAMS 0x000000008b300000| PB 0x000000008b300000| Complete 
| 180|0x000000008b400000, 0x000000008b500000, 0x000000008b500000|100%| E|CS|TAMS 0x000000008b400000| PB 0x000000008b400000| Complete 
| 181|0x000000008b500000, 0x000000008b600000, 0x000000008b600000|100%| E|CS|TAMS 0x000000008b500000| PB 0x000000008b500000| Complete 
| 182|0x000000008b600000, 0x000000008b700000, 0x000000008b700000|100%| E|CS|TAMS 0x000000008b600000| PB 0x000000008b600000| Complete 
| 183|0x000000008b700000, 0x000000008b800000, 0x000000008b800000|100%| E|CS|TAMS 0x000000008b700000| PB 0x000000008b700000| Complete 
| 184|0x000000008b800000, 0x000000008b900000, 0x000000008b900000|100%| E|CS|TAMS 0x000000008b800000| PB 0x000000008b800000| Complete 
| 251|0x000000008fb00000, 0x000000008fc00000, 0x000000008fc00000|100%| E|CS|TAMS 0x000000008fb00000| PB 0x000000008fb00000| Complete 

Card table byte_map: [0x0000021149d00000,0x000002114a100000] _byte_map_base: 0x0000021149900000

Marking Bits: (CMBitMap*) 0x0000021136d75e80
 Bits: [0x000002114a100000, 0x000002114c100000)

Polling page: 0x0000021134b70000

Metaspace:

Usage:
  Non-class:     25.27 MB used.
      Class:      3.75 MB used.
       Both:     29.02 MB used.

Virtual space:
  Non-class space:       64.00 MB reserved,      25.56 MB ( 40%) committed,  1 nodes.
      Class space:        1.00 GB reserved,       4.00 MB ( <1%) committed,  1 nodes.
             Both:        1.06 GB reserved,      29.56 MB (  3%) committed. 

Chunk freelists:
   Non-Class:  6.11 MB
       Class:  12.00 MB
        Both:  18.11 MB

MaxMetaspaceSize: unlimited
CompressedClassSpaceSize: 1.00 GB
Initial GC threshold: 21.00 MB
Current GC threshold: 35.12 MB
CDS: off
 - commit_granule_bytes: 65536.
 - commit_granule_words: 8192.
 - virtual_space_node_default_size: 8388608.
 - enlarge_chunks_in_place: 1.
 - use_allocation_guard: 0.


Internal statistics:

num_allocs_failed_limit: 3.
num_arena_births: 810.
num_arena_deaths: 0.
num_vsnodes_births: 2.
num_vsnodes_deaths: 0.
num_space_committed: 473.
num_space_uncommitted: 0.
num_chunks_returned_to_freelist: 3.
num_chunks_taken_from_freelist: 1610.
num_chunk_merges: 3.
num_chunk_splits: 1051.
num_chunks_enlarged: 701.
num_inconsistent_stats: 0.

CodeHeap 'non-profiled nmethods': size=119168Kb used=1593Kb max_used=1593Kb free=117574Kb
 bounds [0x00000211419f0000, 0x0000021141c60000, 0x0000021148e50000]
CodeHeap 'profiled nmethods': size=119104Kb used=6182Kb max_used=6182Kb free=112922Kb
 bounds [0x0000021139e50000, 0x000002113a460000, 0x00000211412a0000]
CodeHeap 'non-nmethods': size=7488Kb used=2039Kb max_used=3225Kb free=5449Kb
 bounds [0x00000211412a0000, 0x00000211415d0000, 0x00000211419f0000]
 total_blobs=3607 nmethods=3033 adapters=477
 compilation: enabled
              stopped_count=0, restarted_count=0
 full_count=0

Compilation events (20 events):
Event: 2.195 Thread 0x000002114f5ba3f0 3024       3       java.util.concurrent.locks.ReentrantLock$Sync::isHeldExclusively (16 bytes)
Event: 2.693 Thread 0x000002114f5ba3f0 nmethod 3024 0x000002113a456b90 code [0x000002113a456d40, 0x000002113a456ed8]
Event: 2.726 Thread 0x000002114f5baac0 3025   !   3       jdk.proxy1.$Proxy5::value (29 bytes)
Event: 2.726 Thread 0x000002114f5baac0 nmethod 3025 0x000002113a456f90 code [0x000002113a457160, 0x000002113a457540]
Event: 2.831 Thread 0x000002114f5b9d20 3027       3       java.util.concurrent.TimeUnit::toNanos (45 bytes)
Event: 2.831 Thread 0x000002114f5b9d20 nmethod 3027 0x000002113a457710 code [0x000002113a4578c0, 0x000002113a457b28]
Event: 2.846 Thread 0x000002114f5b9d20 3028       3       java.util.stream.ReferencePipeline$2$1::accept (27 bytes)
Event: 2.846 Thread 0x000002114f5b9d20 nmethod 3028 0x000002113a457b90 code [0x000002113a457d60, 0x000002113a458048]
Event: 2.862 Thread 0x000002114f5ba3f0 3029       3       jdk.internal.misc.Unsafe::putReferenceOpaque (9 bytes)
Event: 2.862 Thread 0x000002114f5ba3f0 nmethod 3029 0x000002113a458190 code [0x000002113a458320, 0x000002113a458480]
Event: 2.877 Thread 0x000002114f5b9d20 3030       3       java.util.concurrent.locks.AbstractQueuedSynchronizer$ConditionObject::canReacquire (38 bytes)
Event: 2.877 Thread 0x000002114f5b9d20 nmethod 3030 0x000002113a458510 code [0x000002113a4586e0, 0x000002113a458a50]
Event: 2.924 Thread 0x000002114f5ba3f0 3031       3       java.util.concurrent.locks.LockSupport::setBlocker (12 bytes)
Event: 2.924 Thread 0x000002114f5ba3f0 nmethod 3031 0x000002113a458b90 code [0x000002113a458d40, 0x000002113a458f40]
Event: 3.047 Thread 0x000002114f5baac0 3032       1       jdk.internal.event.ThreadSleepEvent::isEnabled (2 bytes)
Event: 3.047 Thread 0x000002114f5b9d20 3033       1       org.gradle.launcher.daemon.server.exec.DaemonConnectionBackedEventConsumer::access$000 (5 bytes)
Event: 3.047 Thread 0x000002114f5baac0 nmethod 3032 0x0000021141b6ee10 code [0x0000021141b6efa0, 0x0000021141b6f068]
Event: 3.047 Thread 0x000002114f5b9d20 nmethod 3033 0x0000021141b6f110 code [0x0000021141b6f2a0, 0x0000021141b6f350]
Event: 3.138 Thread 0x000002114f5baac0 3035       3       jdk.internal.misc.Unsafe::weakCompareAndSetInt (11 bytes)
Event: 3.821 Thread 0x000002114f5baac0 nmethod 3035 0x000002113a459010 code [0x000002113a4591a0, 0x000002113a4592c8]

GC Heap History (6 events):
Event: 0.305 GC heap before
{Heap before GC invocations=0 (full 0):
 garbage-first heap   total 258048K, used 26624K [0x0000000080000000, 0x0000000100000000)
  region size 1024K, 23 young (23552K), 0 survivors (0K)
 Metaspace       used 7993K, committed 8128K, reserved 1114112K
  class space    used 712K, committed 768K, reserved 1048576K
}
Event: 0.308 GC heap after
{Heap after GC invocations=1 (full 0):
 garbage-first heap   total 258048K, used 10460K [0x0000000080000000, 0x0000000100000000)
  region size 1024K, 3 young (3072K), 3 survivors (3072K)
 Metaspace       used 7993K, committed 8128K, reserved 1114112K
  class space    used 712K, committed 768K, reserved 1048576K
}
Event: 0.590 GC heap before
{Heap before GC invocations=1 (full 0):
 garbage-first heap   total 258048K, used 40156K [0x0000000080000000, 0x0000000100000000)
  region size 1024K, 33 young (33792K), 3 survivors (3072K)
 Metaspace       used 12128K, committed 12352K, reserved 1114112K
  class space    used 1281K, committed 1408K, reserved 1048576K
}
Event: 0.593 GC heap after
{Heap after GC invocations=2 (full 0):
 garbage-first heap   total 258048K, used 11797K [0x0000000080000000, 0x0000000100000000)
  region size 1024K, 2 young (2048K), 2 survivors (2048K)
 Metaspace       used 12128K, committed 12352K, reserved 1114112K
  class space    used 1281K, committed 1408K, reserved 1048576K
}
Event: 1.113 GC heap before
{Heap before GC invocations=2 (full 0):
 garbage-first heap   total 258048K, used 79381K [0x0000000080000000, 0x0000000100000000)
  region size 1024K, 67 young (68608K), 2 survivors (2048K)
 Metaspace       used 21178K, committed 21504K, reserved 1114112K
  class space    used 2453K, committed 2624K, reserved 1048576K
}
Event: 1.119 GC heap after
{Heap after GC invocations=3 (full 0):
 garbage-first heap   total 258048K, used 20487K [0x0000000080000000, 0x0000000100000000)
  region size 1024K, 10 young (10240K), 10 survivors (10240K)
 Metaspace       used 21178K, committed 21504K, reserved 1114112K
  class space    used 2453K, committed 2624K, reserved 1048576K
}

Dll operation events (3 events):
Event: 0.012 Loaded shared library C:\Program Files\Android\Android Studio\jbr\bin\java.dll
Event: 0.020 Loaded shared library C:\Program Files\Android\Android Studio\jbr\bin\zip.dll
Event: 0.313 Loaded shared library C:\Program Files\Android\Android Studio\jbr\bin\verify.dll

Deoptimization events (20 events):
Event: 1.343 Thread 0x0000021155bffba0 DEOPT PACKING pc=0x0000021141a0f1f0 sp=0x000000c6b17fac90
Event: 1.343 Thread 0x0000021155bffba0 DEOPT UNPACKING pc=0x00000211412f46a2 sp=0x000000c6b17fac20 mode 2
Event: 1.347 Thread 0x0000021155bffba0 DEOPT PACKING pc=0x0000021139f3e45f sp=0x000000c6b17fa990
Event: 1.347 Thread 0x0000021155bffba0 DEOPT UNPACKING pc=0x00000211412f4e42 sp=0x000000c6b17f9e28 mode 0
Event: 1.373 Thread 0x0000021155bffba0 Uncommon trap: trap_request=0xffffff45 fr.pc=0x0000021141a13fb0 relative=0x0000000000000d30
Event: 1.373 Thread 0x0000021155bffba0 Uncommon trap: reason=unstable_if action=reinterpret pc=0x0000021141a13fb0 method=java.io.WinNTFileSystem.resolve(Ljava/lang/String;Ljava/lang/String;)Ljava/lang/String; @ 19 c2
Event: 1.373 Thread 0x0000021155bffba0 DEOPT PACKING pc=0x0000021141a13fb0 sp=0x000000c6b17fba70
Event: 1.373 Thread 0x0000021155bffba0 DEOPT UNPACKING pc=0x00000211412f46a2 sp=0x000000c6b17fba08 mode 2
Event: 1.374 Thread 0x0000021155bffba0 Uncommon trap: trap_request=0xffffff45 fr.pc=0x0000021141a84518 relative=0x0000000000000638
Event: 1.374 Thread 0x0000021155bffba0 Uncommon trap: reason=unstable_if action=reinterpret pc=0x0000021141a84518 method=java.io.File.getName()Ljava/lang/String; @ 16 c2
Event: 1.374 Thread 0x0000021155bffba0 DEOPT PACKING pc=0x0000021141a84518 sp=0x000000c6b17fba30
Event: 1.374 Thread 0x0000021155bffba0 DEOPT UNPACKING pc=0x00000211412f46a2 sp=0x000000c6b17fba00 mode 2
Event: 1.406 Thread 0x0000021155bffba0 Uncommon trap: trap_request=0xffffff45 fr.pc=0x0000021141a18010 relative=0x00000000000000f0
Event: 1.406 Thread 0x0000021155bffba0 Uncommon trap: reason=unstable_if action=reinterpret pc=0x0000021141a18010 method=java.util.HashMap.hash(Ljava/lang/Object;)I @ 1 c2
Event: 1.406 Thread 0x0000021155bffba0 DEOPT PACKING pc=0x0000021141a18010 sp=0x000000c6b17fc7f0
Event: 1.406 Thread 0x0000021155bffba0 DEOPT UNPACKING pc=0x00000211412f46a2 sp=0x000000c6b17fc730 mode 2
Event: 1.536 Thread 0x0000021155bffba0 Uncommon trap: trap_request=0xffffff45 fr.pc=0x0000021141ac8320 relative=0x0000000000001660
Event: 1.536 Thread 0x0000021155bffba0 Uncommon trap: reason=unstable_if action=reinterpret pc=0x0000021141ac8320 method=java.util.concurrent.ConcurrentHashMap.transfer([Ljava/util/concurrent/ConcurrentHashMap$Node;[Ljava/util/concurrent/ConcurrentHashMap$Node;)V @ 26 c2
Event: 1.536 Thread 0x0000021155bffba0 DEOPT PACKING pc=0x0000021141ac8320 sp=0x000000c6b17f88c0
Event: 1.536 Thread 0x0000021155bffba0 DEOPT UNPACKING pc=0x00000211412f46a2 sp=0x000000c6b17f8830 mode 2

Classes loaded (20 events):
Event: 1.545 Loading class java/security/KeyException done
Event: 1.545 Loading class java/security/InvalidKeyException done
Event: 1.587 Loading class java/util/regex/Pattern$Dollar
Event: 1.587 Loading class java/util/regex/Pattern$Dollar done
Event: 1.590 Loading class java/io/ObjectOutputStream
Event: 1.591 Loading class java/io/ObjectOutput
Event: 1.591 Loading class java/io/ObjectOutput done
Event: 1.591 Loading class java/io/ObjectStreamConstants
Event: 1.591 Loading class java/io/ObjectStreamConstants done
Event: 1.591 Loading class java/io/ObjectOutputStream done
Event: 1.591 Loading class java/io/ObjectInputStream
Event: 1.592 Loading class java/io/ObjectInput
Event: 1.592 Loading class java/io/ObjectInput done
Event: 1.592 Loading class java/io/ObjectInputStream done
Event: 1.835 Loading class java/lang/management/MemoryType
Event: 2.693 Loading class java/lang/management/MemoryType done
Event: 2.694 Loading class java/lang/management/MemoryUsage
Event: 2.694 Loading class java/lang/management/MemoryUsage done
Event: 2.694 Loading class java/util/concurrent/LinkedBlockingDeque$Node
Event: 2.694 Loading class java/util/concurrent/LinkedBlockingDeque$Node done

Classes unloaded (0 events):
No events

Classes redefined (0 events):
No events

Internal exceptions (20 events):
Event: 1.438 Thread 0x0000021155bffba0 Exception <a 'java/lang/NoSuchMethodError'{0x000000008239b6f8}: 'java.lang.Object java.lang.invoke.DelegatingMethodHandle$Holder.reinvoke_L(java.lang.Object, java.lang.Object, java.lang.Object, java.lang.Object, java.lang.Object, java.lang.Object, java.lang.Object, java.lang.Object, java.lang.Object, java.lang.Object, java.lang.Object, java.lang.Object, java.lang.Object, java.lang.Object, java.lang.Object, java.lang.Object, java.lang.Object, java.lang.Object, java.lang.Object, java.lang.Object, java.lang.O
Event: 1.442 Thread 0x0000021155bffba0 Exception <a 'java/lang/NoSuchMethodError'{0x0000000082208a58}: 'java.lang.Object java.lang.invoke.DirectMethodHandle$Holder.invokeStatic(java.lang.Object, java.lang.Object, java.lang.Object, java.lang.Object, java.lang.Object, java.lang.Object, java.lang.Object, java.lang.Object, java.lang.Object, java.lang.Object, java.lang.Object, java.lang.Object, java.lang.Object, java.lang.Object, java.lang.Object, java.lang.Object, java.lang.Object)'> (0x0000000082208a58) 
thrown [s\src\hotspot\share\interpreter\lin
Event: 1.443 Thread 0x0000021155bffba0 Exception <a 'java/lang/NoSuchMethodError'{0x0000000082231270}: 'java.lang.Object java.lang.invoke.DirectMethodHandle$Holder.invokeStatic(java.lang.Object, java.lang.Object, java.lang.Object, java.lang.Object, java.lang.Object, java.lang.Object, java.lang.Object, java.lang.Object, java.lang.Object, java.lang.Object, java.lang.Object, java.lang.Object, java.lang.Object, java.lang.Object, java.lang.Object, java.lang.Object, java.lang.Object, java.lang.Object)'> (0x0000000082231270) 
thrown [s\src\hotspot\sha
Event: 1.444 Thread 0x0000021155bffba0 Exception <a 'java/lang/NoSuchMethodError'{0x000000008225af70}: 'java.lang.Object java.lang.invoke.DirectMethodHandle$Holder.invokeStatic(java.lang.Object, java.lang.Object, java.lang.Object, java.lang.Object, java.lang.Object, java.lang.Object, java.lang.Object, java.lang.Object, java.lang.Object, java.lang.Object, java.lang.Object, java.lang.Object, java.lang.Object, java.lang.Object, java.lang.Object, java.lang.Object, java.lang.Object, java.lang.Object, java.lang.Object)'> (0x000000008225af70) 
thrown 
Event: 1.446 Thread 0x0000021155bffba0 Exception <a 'java/lang/NoSuchMethodError'{0x0000000082286090}: 'java.lang.Object java.lang.invoke.DirectMethodHandle$Holder.invokeStatic(java.lang.Object, java.lang.Object, java.lang.Object, java.lang.Object, java.lang.Object, java.lang.Object, java.lang.Object, java.lang.Object, java.lang.Object, java.lang.Object, java.lang.Object, java.lang.Object, java.lang.Object, java.lang.Object, java.lang.Object, java.lang.Object, java.lang.Object, java.lang.Object, java.lang.Object, java.lang.Object)'> (0x00000000
Event: 1.447 Thread 0x0000021155bffba0 Exception <a 'java/lang/NoSuchMethodError'{0x00000000822b2150}: 'java.lang.Object java.lang.invoke.DirectMethodHandle$Holder.invokeStatic(java.lang.Object, java.lang.Object, java.lang.Object, java.lang.Object, java.lang.Object, java.lang.Object, java.lang.Object, java.lang.Object, java.lang.Object, java.lang.Object, java.lang.Object, java.lang.Object, java.lang.Object, java.lang.Object, java.lang.Object, java.lang.Object, java.lang.Object, java.lang.Object, java.lang.Object, java.lang.Object, java.lang.Obj
Event: 1.448 Thread 0x0000021155bffba0 Exception <a 'java/lang/NoSuchMethodError'{0x00000000822df540}: 'java.lang.Object java.lang.invoke.DirectMethodHandle$Holder.invokeStatic(java.lang.Object, java.lang.Object, java.lang.Object, java.lang.Object, java.lang.Object, java.lang.Object, java.lang.Object, java.lang.Object, java.lang.Object, java.lang.Object, java.lang.Object, java.lang.Object, java.lang.Object, java.lang.Object, java.lang.Object, java.lang.Object, java.lang.Object, java.lang.Object, java.lang.Object, java.lang.Object, java.lang.Obj
Event: 1.449 Thread 0x0000021155bffba0 Exception <a 'java/lang/NoSuchMethodError'{0x000000008210d6c0}: 'java.lang.Object java.lang.invoke.DirectMethodHandle$Holder.invokeStatic(java.lang.Object, java.lang.Object, java.lang.Object, java.lang.Object, java.lang.Object, java.lang.Object, java.lang.Object, java.lang.Object, java.lang.Object, java.lang.Object, java.lang.Object, java.lang.Object, java.lang.Object, java.lang.Object, java.lang.Object, java.lang.Object, java.lang.Object, java.lang.Object, java.lang.Object, java.lang.Object, java.lang.Obj
Event: 1.450 Thread 0x0000021155bffba0 Exception <a 'java/lang/NoSuchMethodError'{0x000000008213c2d8}: 'java.lang.Object java.lang.invoke.DirectMethodHandle$Holder.invokeStatic(java.lang.Object, java.lang.Object, java.lang.Object, java.lang.Object, java.lang.Object, java.lang.Object, java.lang.Object, java.lang.Object, java.lang.Object, java.lang.Object, java.lang.Object, java.lang.Object, java.lang.Object, java.lang.Object, java.lang.Object, java.lang.Object, java.lang.Object, java.lang.Object, java.lang.Object, java.lang.Object, java.lang.Obj
Event: 1.451 Thread 0x0000021155bffba0 Exception <a 'java/lang/NoSuchMethodError'{0x000000008216bcb8}: 'java.lang.Object java.lang.invoke.DirectMethodHandle$Holder.invokeStatic(java.lang.Object, java.lang.Object, java.lang.Object, java.lang.Object, java.lang.Object, java.lang.Object, java.lang.Object, java.lang.Object, java.lang.Object, java.lang.Object, java.lang.Object, java.lang.Object, java.lang.Object, java.lang.Object, java.lang.Object, java.lang.Object, java.lang.Object, java.lang.Object, java.lang.Object, java.lang.Object, java.lang.Obj
Event: 1.453 Thread 0x0000021155bffba0 Exception <a 'java/lang/NoSuchMethodError'{0x000000008219cf78}: 'java.lang.Object java.lang.invoke.DirectMethodHandle$Holder.invokeStatic(java.lang.Object, java.lang.Object, java.lang.Object, java.lang.Object, java.lang.Object, java.lang.Object, java.lang.Object, java.lang.Object, java.lang.Object, java.lang.Object, java.lang.Object, java.lang.Object, java.lang.Object, java.lang.Object, java.lang.Object, java.lang.Object, java.lang.Object, java.lang.Object, java.lang.Object, java.lang.Object, java.lang.Obj
Event: 1.467 Thread 0x0000021155bffba0 Exception <a 'java/lang/IncompatibleClassChangeError'{0x0000000082093b28}: Found class java.lang.Object, but interface was expected> (0x0000000082093b28) 
thrown [s\src\hotspot\share\interpreter\linkResolver.cpp, line 851]
Event: 1.581 Thread 0x0000021155bffba0 Exception <a 'java/lang/IncompatibleClassChangeError'{0x0000000081697bf0}: Found class java.lang.Object, but interface was expected> (0x0000000081697bf0) 
thrown [s\src\hotspot\share\interpreter\linkResolver.cpp, line 851]
Event: 1.583 Thread 0x0000021155bffba0 Exception <a 'java/lang/NoSuchMethodError'{0x00000000816c8a50}: 'java.lang.Object java.lang.invoke.DirectMethodHandle$Holder.newInvokeSpecial(java.lang.Object, java.lang.Object, java.lang.Object, java.lang.Object, java.lang.Object, java.lang.Object, java.lang.Object, java.lang.Object, java.lang.Object, java.lang.Object, java.lang.Object, java.lang.Object, java.lang.Object)'> (0x00000000816c8a50) 
thrown [s\src\hotspot\share\interpreter\linkResolver.cpp, line 784]
Event: 1.583 Thread 0x0000021155bffba0 Exception <a 'java/lang/NoSuchMethodError'{0x00000000816cdf00}: 'java.lang.Object java.lang.invoke.DirectMethodHandle$Holder.invokeSpecial(java.lang.Object, java.lang.Object, java.lang.Object, java.lang.Object, java.lang.Object, java.lang.Object, java.lang.Object, java.lang.Object, java.lang.Object, java.lang.Object, java.lang.Object, java.lang.Object, java.lang.Object, java.lang.Object)'> (0x00000000816cdf00) 
thrown [s\src\hotspot\share\interpreter\linkResolver.cpp, line 784]
Event: 1.584 Thread 0x0000021155bffba0 Exception <a 'java/lang/NoSuchMethodError'{0x00000000816d26e0}: 'java.lang.Object java.lang.invoke.DelegatingMethodHandle$Holder.reinvoke_L(java.lang.Object, java.lang.Object, java.lang.Object, java.lang.Object, java.lang.Object, java.lang.Object, java.lang.Object, java.lang.Object, java.lang.Object, java.lang.Object, java.lang.Object, java.lang.Object, java.lang.Object)'> (0x00000000816d26e0) 
thrown [s\src\hotspot\share\interpreter\linkResolver.cpp, line 784]
Event: 1.596 Thread 0x0000021155bffba0 Exception <a 'java/lang/NoSuchMethodError'{0x00000000815f49a0}: 'java.lang.Object java.lang.invoke.DirectMethodHandle$Holder.newInvokeSpecial(java.lang.Object, java.lang.Object, java.lang.Object, java.lang.Object, java.lang.Object, java.lang.Object, java.lang.Object, java.lang.Object)'> (0x00000000815f49a0) 
thrown [s\src\hotspot\share\interpreter\linkResolver.cpp, line 784]
Event: 1.599 Thread 0x0000021155bffba0 Exception <a 'java/lang/NoSuchMethodError'{0x00000000814492a0}: 'int java.lang.invoke.DirectMethodHandle$Holder.invokeStaticInit(java.lang.Object, java.lang.Object, java.lang.Object)'> (0x00000000814492a0) 
thrown [s\src\hotspot\share\interpreter\linkResolver.cpp, line 784]
Event: 1.669 Thread 0x0000021155bffba0 Exception <a 'java/lang/NoSuchMethodError'{0x0000000080f6a8f0}: 'java.lang.Object java.lang.invoke.DirectMethodHandle$Holder.invokeVirtual(java.lang.Object, java.lang.Object, java.lang.Object, java.lang.Object, java.lang.Object, java.lang.Object, java.lang.Object, java.lang.Object, java.lang.Object, java.lang.Object, java.lang.Object, java.lang.Object, java.lang.Object, java.lang.Object, java.lang.Object, java.lang.Object, java.lang.Object, java.lang.Object, java.lang.Object, java.lang.Object, java.lang.Ob
Event: 1.677 Thread 0x0000021155bffba0 Exception <a 'java/lang/NoSuchMethodError'{0x0000000080fe2590}: 'java.lang.Object java.lang.invoke.DirectMethodHandle$Holder.invokeSpecial(java.lang.Object, java.lang.Object, java.lang.Object, java.lang.Object, java.lang.Object, java.lang.Object, java.lang.Object, java.lang.Object, java.lang.Object, java.lang.Object, java.lang.Object, java.lang.Object, java.lang.Object, java.lang.Object, java.lang.Object, java.lang.Object, java.lang.Object, java.lang.Object, java.lang.Object, java.lang.Object, java.lang.Ob

ZGC Phase Switch (0 events):
No events

VM Operations (20 events):
Event: 0.991 Executing VM operation: HandshakeAllThreads (Deoptimize) done
Event: 1.029 Executing VM operation: HandshakeAllThreads (Deoptimize)
Event: 1.029 Executing VM operation: HandshakeAllThreads (Deoptimize) done
Event: 1.113 Executing VM operation: CollectForMetadataAllocation (Metadata GC Threshold)
Event: 1.119 Executing VM operation: CollectForMetadataAllocation (Metadata GC Threshold) done
Event: 1.121 Executing VM operation: G1PauseRemark
Event: 1.123 Executing VM operation: G1PauseRemark done
Event: 1.123 Executing VM operation: G1PauseCleanup
Event: 1.125 Executing VM operation: G1PauseCleanup done
Event: 1.231 Executing VM operation: HandshakeAllThreads (Deoptimize)
Event: 1.231 Executing VM operation: HandshakeAllThreads (Deoptimize) done
Event: 1.328 Executing VM operation: HandshakeAllThreads (Deoptimize)
Event: 1.328 Executing VM operation: HandshakeAllThreads (Deoptimize) done
Event: 1.458 Executing VM operation: HandshakeAllThreads (Deoptimize)
Event: 1.458 Executing VM operation: HandshakeAllThreads (Deoptimize) done
Event: 1.459 Executing VM operation: HandshakeAllThreads (Deoptimize)
Event: 1.459 Executing VM operation: HandshakeAllThreads (Deoptimize) done
Event: 2.458 Executing VM operation: Cleanup
Event: 2.693 Executing VM operation: Cleanup done
Event: 3.697 Executing VM operation: Cleanup

Events (20 events):
Event: 0.390 Loaded shared library C:\Users\pavan\.gradle\native\c067742578af261105cb4f569cf0c3c89f3d7b1fecec35dd04571415982c5e48\windows-amd64\native-platform.dll
Event: 0.398 Loaded shared library C:\Users\pavan\.gradle\native\100fb08df4bc3b14c8652ba06237920a3bd2aa13389f12d3474272988ae205f9\windows-amd64\native-platform-file-events.dll
Event: 0.423 Thread 0x000002114f5bb190 Thread added: 0x000002114f5bb190
Event: 0.808 Loaded shared library C:\Program Files\Android\Android Studio\jbr\bin\management.dll
Event: 0.811 Loaded shared library C:\Program Files\Android\Android Studio\jbr\bin\management_ext.dll
Event: 0.832 Thread 0x0000021155c00f50 Thread added: 0x0000021155c00f50
Event: 0.937 Loaded shared library C:\Program Files\Android\Android Studio\jbr\bin\extnet.dll
Event: 0.963 Thread 0x0000021155bfee80 Thread added: 0x0000021155bfee80
Event: 1.013 Thread 0x0000021155bfdad0 Thread added: 0x0000021155bfdad0
Event: 1.047 Thread 0x0000021155bfe7f0 Thread added: 0x0000021155bfe7f0
Event: 1.049 Thread 0x0000021155c008c0 Thread added: 0x0000021155c008c0
Event: 1.064 Thread 0x0000021155bff510 Thread added: 0x0000021155bff510
Event: 1.068 Thread 0x0000021155bffba0 Thread added: 0x0000021155bffba0
Event: 1.074 Thread 0x0000021155c00230 Thread added: 0x0000021155c00230
Event: 1.076 Thread 0x0000021155f57410 Thread added: 0x0000021155f57410
Event: 1.077 Thread 0x0000021155f54620 Thread added: 0x0000021155f54620
Event: 1.328 Thread 0x0000021155f54cb0 Thread added: 0x0000021155f54cb0
Event: 1.337 Thread 0x0000021155f55340 Thread added: 0x0000021155f55340
Event: 1.356 Thread 0x0000021155f559d0 Thread added: 0x0000021155f559d0
Event: 2.693 Thread 0x000002114f5bb190 Thread exited: 0x000002114f5bb190


Dynamic libraries:
0x00007ff69c170000 - 0x00007ff69c17a000 	C:\Program Files\Android\Android Studio\jbr\bin\java.exe
0x00007ffff2220000 - 0x00007ffff2483000 	C:\WINDOWS\SYSTEM32\ntdll.dll
0x00007ffff0610000 - 0x00007ffff06d7000 	C:\WINDOWS\System32\KERNEL32.DLL
0x00007fffefb00000 - 0x00007fffefec9000 	C:\WINDOWS\System32\KERNELBASE.dll
0x00007fffef590000 - 0x00007fffef6dc000 	C:\WINDOWS\System32\ucrtbase.dll
0x00007fffd3620000 - 0x00007fffd363b000 	C:\Program Files\Android\Android Studio\jbr\bin\VCRUNTIME140.dll
0x00007fffa0a90000 - 0x00007fffa0aa8000 	C:\Program Files\Android\Android Studio\jbr\bin\jli.dll
0x00007ffff1eb0000 - 0x00007ffff207a000 	C:\WINDOWS\System32\USER32.dll
0x00007fffc83f0000 - 0x00007fffc8680000 	C:\WINDOWS\WinSxS\amd64_microsoft.windows.common-controls_6595b64144ccf1df_6.0.26100.3323_none_3e088096e3344490\COMCTL32.dll
0x00007ffff0010000 - 0x00007ffff0037000 	C:\WINDOWS\System32\win32u.dll
0x00007ffff0040000 - 0x00007ffff006a000 	C:\WINDOWS\System32\GDI32.dll
0x00007ffff0340000 - 0x00007ffff03e9000 	C:\WINDOWS\System32\msvcrt.dll
0x00007fffef920000 - 0x00007fffefa51000 	C:\WINDOWS\System32\gdi32full.dll
0x00007fffeff60000 - 0x00007ffff0003000 	C:\WINDOWS\System32\msvcp_win.dll
0x00007ffff05d0000 - 0x00007ffff05ff000 	C:\WINDOWS\System32\IMM32.DLL
0x00007fffcaef0000 - 0x00007fffcafdb000 	C:\Program Files\Windhawk\Engine\1.5.1\64\windhawk.dll
0x00007ffff00c0000 - 0x00007ffff0172000 	C:\WINDOWS\System32\ADVAPI32.dll
0x00007ffff0ee0000 - 0x00007ffff0f86000 	C:\WINDOWS\System32\sechost.dll
0x00007ffff0bc0000 - 0x00007ffff0cd6000 	C:\WINDOWS\System32\RPCRT4.dll
0x00007fffe6580000 - 0x00007fffe669e000 	C:\WINDOWS\SYSTEM32\WINHTTP.dll
0x00007fffd81a0000 - 0x00007fffd81ac000 	C:\Program Files\Android\Android Studio\jbr\bin\vcruntime140_1.dll
0x00007fff83090000 - 0x00007fff8311d000 	C:\Program Files\Android\Android Studio\jbr\bin\msvcp140.dll
0x00007ffeb7710000 - 0x00007ffeb838d000 	C:\Program Files\Android\Android Studio\jbr\bin\server\jvm.dll
0x00007ffff0220000 - 0x00007ffff0294000 	C:\WINDOWS\System32\WS2_32.dll
0x00007fffee0b0000 - 0x00007fffee0fe000 	C:\WINDOWS\SYSTEM32\POWRPROF.dll
0x00007fffebea0000 - 0x00007fffebed6000 	C:\WINDOWS\SYSTEM32\WINMM.dll
0x00007fffe3850000 - 0x00007fffe385b000 	C:\WINDOWS\SYSTEM32\VERSION.dll
0x00007fffee090000 - 0x00007fffee0a4000 	C:\WINDOWS\SYSTEM32\UMPDC.dll
0x00007fffee350000 - 0x00007fffee36a000 	C:\WINDOWS\SYSTEM32\kernel.appcore.dll
0x00007fffd8010000 - 0x00007fffd801a000 	C:\Program Files\Android\Android Studio\jbr\bin\jimage.dll
0x00007fffec6a0000 - 0x00007fffec8e1000 	C:\WINDOWS\SYSTEM32\DBGHELP.DLL
0x00007ffff0740000 - 0x00007ffff0ac2000 	C:\WINDOWS\System32\combase.dll
0x00007ffff1da0000 - 0x00007ffff1e76000 	C:\WINDOWS\System32\OLEAUT32.dll
0x00007fffd36b0000 - 0x00007fffd36e9000 	C:\WINDOWS\SYSTEM32\dbgcore.DLL
0x0000021136430000 - 0x00000211364c9000 	C:\WINDOWS\System32\bcryptPrimitives.dll
0x00007fffc07b0000 - 0x00007fffc07be000 	C:\Program Files\Android\Android Studio\jbr\bin\instrument.dll
0x00007fffb65a0000 - 0x00007fffb65bf000 	C:\Program Files\Android\Android Studio\jbr\bin\java.dll
0x00007fffa18e0000 - 0x00007fffa18f8000 	C:\Program Files\Android\Android Studio\jbr\bin\zip.dll
0x00007ffff1070000 - 0x00007ffff1785000 	C:\WINDOWS\System32\SHELL32.dll
0x00007fffef420000 - 0x00007fffef588000 	C:\WINDOWS\System32\wintypes.dll
0x00007fffed120000 - 0x00007fffed965000 	C:\WINDOWS\SYSTEM32\windows.storage.dll
0x00007ffff0ad0000 - 0x00007ffff0bbb000 	C:\WINDOWS\System32\SHCORE.dll
0x00007ffff06e0000 - 0x00007ffff073d000 	C:\WINDOWS\System32\shlwapi.dll
0x00007fffef330000 - 0x00007fffef35f000 	C:\WINDOWS\SYSTEM32\profapi.dll
0x00007fffd7f70000 - 0x00007fffd7f80000 	C:\Program Files\Android\Android Studio\jbr\bin\net.dll
0x00007fffee870000 - 0x00007fffee8da000 	C:\WINDOWS\system32\mswsock.dll
0x00007fffa18c0000 - 0x00007fffa18d6000 	C:\Program Files\Android\Android Studio\jbr\bin\nio.dll
0x00007fffc1330000 - 0x00007fffc1340000 	C:\Program Files\Android\Android Studio\jbr\bin\verify.dll
0x00007fff93450000 - 0x00007fff93477000 	C:\Users\pavan\.gradle\native\c067742578af261105cb4f569cf0c3c89f3d7b1fecec35dd04571415982c5e48\windows-amd64\native-platform.dll
0x00007fff71190000 - 0x00007fff712d4000 	C:\Users\pavan\.gradle\native\100fb08df4bc3b14c8652ba06237920a3bd2aa13389f12d3474272988ae205f9\windows-amd64\native-platform-file-events.dll
0x00007fffd5a60000 - 0x00007fffd5a69000 	C:\Program Files\Android\Android Studio\jbr\bin\management.dll
0x00007fffd5990000 - 0x00007fffd599b000 	C:\Program Files\Android\Android Studio\jbr\bin\management_ext.dll
0x00007ffff0210000 - 0x00007ffff0218000 	C:\WINDOWS\System32\PSAPI.DLL
0x00007fffeeb10000 - 0x00007fffeeb2c000 	C:\WINDOWS\SYSTEM32\CRYPTSP.dll
0x00007fffee2b0000 - 0x00007fffee2ea000 	C:\WINDOWS\system32\rsaenh.dll
0x00007fffee910000 - 0x00007fffee93b000 	C:\WINDOWS\SYSTEM32\USERENV.dll
0x00007fffeed50000 - 0x00007fffeed76000 	C:\WINDOWS\SYSTEM32\bcrypt.dll
0x00007fffeeb30000 - 0x00007fffeeb3c000 	C:\WINDOWS\SYSTEM32\CRYPTBASE.dll
0x00007fffedda0000 - 0x00007fffeddd3000 	C:\WINDOWS\SYSTEM32\IPHLPAPI.DLL
0x00007ffff02b0000 - 0x00007ffff02ba000 	C:\WINDOWS\System32\NSI.dll
0x00007fffd6a10000 - 0x00007fffd6a19000 	C:\Program Files\Android\Android Studio\jbr\bin\extnet.dll
0x00007fffaf030000 - 0x00007fffaf038000 	C:\WINDOWS\system32\wshunix.dll

dbghelp: loaded successfully - version: 4.0.5 - missing functions: none
symbol engine: initialized successfully - sym options: 0x614 - pdb path: .;C:\Program Files\Android\Android Studio\jbr\bin;C:\WINDOWS\SYSTEM32;C:\WINDOWS\WinSxS\amd64_microsoft.windows.common-controls_6595b64144ccf1df_6.0.26100.3323_none_3e088096e3344490;C:\Program Files\Windhawk\Engine\1.5.1\64;C:\Program Files\Android\Android Studio\jbr\bin\server;C:\Users\pavan\.gradle\native\c067742578af261105cb4f569cf0c3c89f3d7b1fecec35dd04571415982c5e48\windows-amd64;C:\Users\pavan\.gradle\native\100fb08df4bc3b14c8652ba06237920a3bd2aa13389f12d3474272988ae205f9\windows-amd64

VM Arguments:
jvm_args: --add-opens=java.base/java.util=ALL-UNNAMED --add-opens=java.base/java.lang=ALL-UNNAMED --add-opens=java.base/java.lang.invoke=ALL-UNNAMED --add-opens=java.prefs/java.util.prefs=ALL-UNNAMED --add-exports=jdk.compiler/com.sun.tools.javac.api=ALL-UNNAMED --add-exports=jdk.compiler/com.sun.tools.javac.util=ALL-UNNAMED --add-opens=java.base/java.nio.charset=ALL-UNNAMED --add-opens=java.base/java.net=ALL-UNNAMED --add-opens=java.base/java.util.concurrent.atomic=ALL-UNNAMED -Xmx2048m -Dfile.encoding=UTF-8 -Duser.country=US -Duser.language=en -Duser.variant -javaagent:C:\Users\pavan\.gradle\wrapper\dists\gradle-8.9-bin\90cnw93cvbtalezasaz0blq0a\gradle-8.9\lib\agents\gradle-instrumentation-agent-8.9.jar 
java_command: org.gradle.launcher.daemon.bootstrap.GradleDaemon 8.9
java_class_path (initial): C:\Users\pavan\.gradle\wrapper\dists\gradle-8.9-bin\90cnw93cvbtalezasaz0blq0a\gradle-8.9\lib\gradle-daemon-main-8.9.jar
Launcher Type: SUN_STANDARD

[Global flags]
     intx CICompilerCount                          = 12                                        {product} {ergonomic}
     uint ConcGCThreads                            = 4                                         {product} {ergonomic}
     uint G1ConcRefinementThreads                  = 15                                        {product} {ergonomic}
   size_t G1HeapRegionSize                         = 1048576                                   {product} {ergonomic}
    uintx GCDrainStackTargetSize                   = 64                                        {product} {ergonomic}
   size_t InitialHeapSize                          = 264241152                                 {product} {ergonomic}
   size_t MarkStackSize                            = 4194304                                   {product} {ergonomic}
   size_t MaxHeapSize                              = 2147483648                                {product} {command line}
   size_t MaxNewSize                               = 1287651328                                {product} {ergonomic}
   size_t MinHeapDeltaBytes                        = 1048576                                   {product} {ergonomic}
   size_t MinHeapSize                              = 8388608                                   {product} {ergonomic}
    uintx NonNMethodCodeHeapSize                   = 7602480                                {pd product} {ergonomic}
    uintx NonProfiledCodeHeapSize                  = 122027880                              {pd product} {ergonomic}
    uintx ProfiledCodeHeapSize                     = 122027880                              {pd product} {ergonomic}
    uintx ReservedCodeCacheSize                    = 251658240                              {pd product} {ergonomic}
     bool SegmentedCodeCache                       = true                                      {product} {ergonomic}
   size_t SoftMaxHeapSize                          = 2147483648                             {manageable} {ergonomic}
     bool UseCompressedOops                        = true                           {product lp64_product} {ergonomic}
     bool UseG1GC                                  = true                                      {product} {ergonomic}
     bool UseLargePagesIndividualAllocation        = false                                  {pd product} {ergonomic}

Logging:
Log output configuration:
 #0: stdout all=warning uptime,level,tags foldmultilines=false
 #1: stderr all=off uptime,level,tags foldmultilines=false

Environment Variables:
JAVA_HOME=C:\Program Files\Java\jdk-1.8
PATH=C:\Program Files\Common Files\Oracle\Java\javapath;C:\Program Files (x86)\Common Files\Oracle\Java\javapath;C:\WINDOWS\system32;C:\WINDOWS;C:\WINDOWS\System32\Wbem;C:\WINDOWS\System32\WindowsPowerShell\v1.0\;C:\WINDOWS\System32\OpenSSH\;C:\Program Files\Java\jdk-1.8\bin;C:\Program Files (x86)\NVIDIA Corporation\PhysX\Common;C:\Program Files\Git\cmd;C:\Program Files\nodejs\;C:\Program Files (x86)\Microsoft SQL Server\160\Tools\Binn\;C:\Program Files\Microsoft SQL Server\160\Tools\Binn\;C:\Program Files\Microsoft SQL Server\Client SDK\ODBC\170\Tools\Binn\;C:\Program Files\Microsoft SQL Server\160\DTS\Binn\;C:\Program Files (x86)\Microsoft SQL Server\160\DTS\Binn\;C:\Program Files\dotnet\;C:\Program Files\mongosh-2.3.3-win32-x64\mongosh-2.3.3-win32-x64\bin;C:\Program Files\NVIDIA Corporation\NVIDIA app\NvDLISR;C:\Program Files\Java\jdk-23\bin;C:\Users\pavan\AppData\Local\Programs\oh-my-posh\bin\;C:\Users\pavan\AppData\Local\Programs\Python\Python312\Scripts\;C:\Users\pavan\AppData\Local\Programs\Python\Python312\;C:\Users\pavan\AppData\Local\Programs\Python\Launcher\;C:\Program Files\MySQL\MySQL Shell 8.0\bin\;C:\Users\pavan\AppData\Local\Microsoft\WindowsApps;C:\Users\pavan\AppData\Local\Programs\Microsoft VS Code\bin;C:\Program Files\JetBrains\IntelliJ IDEA Community Edition 2024.1.4\bin;;C:\Users\pavan\AppData\Roaming\npm;C:\Users\pavan\AppData\Local\GitHubDesktop\bin;;C:\Program Files\JetBrains\PyCharm 2024.3\bin;;C:\Users\pavan\AppData\Local\Muse Hub\lib
USERNAME=pavan
OS=Windows_NT
PROCESSOR_IDENTIFIER=Intel64 Family 6 Model 154 Stepping 3, GenuineIntel
TMP=C:\Users\pavan\AppData\Local\Temp
TEMP=C:\Users\pavan\AppData\Local\Temp




Periodic native trim disabled

JNI global refs:
JNI global refs: 31, weak refs: 0

JNI global refs memory usage: 835, weak refs: 201

Process memory usage:
Resident Set Size: 247524K (1% of 16454388K total physical memory with 989364K free physical memory)

OOME stack traces (most recent first):
Classloader memory used:
Loader bootstrap                                                                       : 16388K
Loader org.gradle.internal.classloader.VisitableURLClassLoader                         : 11287K
Loader org.gradle.initialization.MixInLegacyTypesClassLoader                           : 1692K
Loader jdk.internal.loader.ClassLoaders$AppClassLoader                                 : 230K
Loader jdk.internal.loader.ClassLoaders$PlatformClassLoader                            : 114K

Classes loaded by more than one classloader:
Class org.gradle.internal.classloader.FilteringClassLoader                            : loaded 2 times (x 102B)
Class org.gradle.internal.classloader.ClassLoaderHierarchy                            : loaded 2 times (x 67B)
Class org.gradle.api.internal.classpath.ManifestUtil                                  : loaded 2 times (x 68B)
Class org.gradle.internal.classloader.DefaultClassLoaderFactory                       : loaded 2 times (x 79B)
Class org.gradle.internal.classloader.ClassLoaderVisitor                              : loaded 2 times (x 73B)
Class org.gradle.api.internal.classpath.EffectiveClassPath                            : loaded 2 times (x 87B)
Class org.gradle.api.internal.DefaultClassPathProvider                                : loaded 2 times (x 73B)
Class [Lorg.gradle.api.internal.ClassPathProvider;                                    : loaded 2 times (x 66B)
Class org.gradle.api.internal.ClassPathProvider                                       : loaded 2 times (x 67B)
Class org.gradle.internal.service.UnknownServiceException                             : loaded 2 times (x 80B)
Class org.gradle.internal.classpath.TransformedClassPath                              : loaded 2 times (x 93B)
Class org.gradle.internal.service.ServiceLocator                                      : loaded 2 times (x 67B)
Class org.gradle.internal.InternalTransformer                                         : loaded 2 times (x 67B)
Class org.gradle.internal.classloader.ClasspathUtil$1                                 : loaded 2 times (x 73B)
Class org.gradle.api.internal.classpath.DefaultModuleRegistry$DefaultModule           : loaded 2 times (x 83B)
Class org.gradle.api.internal.classpath.Module                                        : loaded 2 times (x 67B)
Class org.gradle.api.internal.classpath.UnknownModuleException                        : loaded 2 times (x 79B)
Class org.gradle.api.internal.DefaultClassPathRegistry                                : loaded 2 times (x 73B)
Class org.gradle.api.internal.ClassPathRegistry                                       : loaded 2 times (x 67B)
Class org.gradle.internal.classpath.DefaultClassPath$ImmutableUniqueList              : loaded 2 times (x 196B)
Class org.gradle.internal.classpath.ClassPath                                         : loaded 2 times (x 67B)
Class org.gradle.api.UncheckedIOException                                             : loaded 2 times (x 79B)
Class org.gradle.internal.installation.GradleInstallation$1                           : loaded 2 times (x 72B)
Class org.gradle.api.internal.classpath.ModuleRegistry                                : loaded 2 times (x 67B)
Class org.gradle.api.internal.classpath.DefaultModuleRegistry                         : loaded 2 times (x 80B)
Class org.gradle.internal.service.ServiceLookupException                              : loaded 2 times (x 79B)
Class org.gradle.internal.classloader.ClassLoaderFactory                              : loaded 2 times (x 67B)
Class org.gradle.internal.service.CachingServiceLocator                               : loaded 2 times (x 79B)
Class org.gradle.internal.classloader.ClasspathUtil                                   : loaded 2 times (x 68B)
Class org.gradle.api.specs.Spec                                                       : loaded 2 times (x 67B)
Class org.gradle.internal.classloader.VisitableURLClassLoader$InstrumentingVisitableURLClassLoader: loaded 2 times (x 120B)
Class org.gradle.internal.classloader.VisitableURLClassLoader$Spec                    : loaded 2 times (x 71B)
Class org.gradle.internal.classpath.DefaultClassPath                                  : loaded 2 times (x 87B)
Class org.gradle.internal.classloader.ClassLoaderSpec                                 : loaded 2 times (x 68B)
Class org.gradle.internal.classloader.VisitableURLClassLoader                         : loaded 2 times (x 114B)
Class org.gradle.internal.Cast                                                        : loaded 2 times (x 68B)
Class org.gradle.api.Action                                                           : loaded 2 times (x 67B)
Class org.gradle.internal.agents.InstrumentingClassLoader                             : loaded 2 times (x 67B)
Class org.gradle.internal.classpath.DefaultClassPath$ImmutableUniqueList$Builder      : loaded 2 times (x 72B)
Class org.gradle.api.GradleException                                                  : loaded 2 times (x 79B)
Class org.gradle.internal.IoActions                                                   : loaded 2 times (x 68B)
Class org.gradle.internal.classloader.SystemClassLoaderSpec                           : loaded 2 times (x 68B)
Class org.gradle.internal.installation.CurrentGradleInstallationLocator               : loaded 2 times (x 68B)
Class org.gradle.internal.service.DefaultServiceLocator                               : loaded 2 times (x 80B)
Class org.gradle.internal.installation.CurrentGradleInstallation                      : loaded 2 times (x 70B)
Class org.gradle.util.internal.GUtil                                                  : loaded 2 times (x 68B)
Class org.gradle.internal.installation.GradleInstallation                             : loaded 2 times (x 72B)

---------------  S Y S T E M  ---------------

OS:
 Windows 11 , 64 bit Build 26100 (10.0.26100.3323)
OS uptime: 6 days 22:38 hours
Hyper-V role detected

CPU: total 20 (initial active 20) (10 cores per cpu, 2 threads per core) family 6 model 154 stepping 3 microcode 0x435, cx8, cmov, fxsr, ht, mmx, 3dnowpref, sse, sse2, sse3, ssse3, sse4.1, sse4.2, popcnt, lzcnt, tsc, tscinvbit, avx, avx2, aes, erms, clmul, bmi1, bmi2, adx, sha, fma, vzeroupper, clflush, clflushopt, clwb, hv, serialize, rdtscp, rdpid, fsrm, f16c, cet_ibt, cet_ss
Processor Information for processor 0
  Max Mhz: 2300, Current Mhz: 2300, Mhz Limit: 2300
Processor Information for processor 1
  Max Mhz: 2300, Current Mhz: 2300, Mhz Limit: 2300
Processor Information for processor 2
  Max Mhz: 2300, Current Mhz: 2300, Mhz Limit: 2300
Processor Information for processor 3
  Max Mhz: 2300, Current Mhz: 2300, Mhz Limit: 2300
Processor Information for processor 4
  Max Mhz: 2300, Current Mhz: 2300, Mhz Limit: 2300
Processor Information for processor 5
  Max Mhz: 2300, Current Mhz: 2300, Mhz Limit: 2300
Processor Information for processor 6
  Max Mhz: 2300, Current Mhz: 2300, Mhz Limit: 2300
Processor Information for processor 7
  Max Mhz: 2300, Current Mhz: 2300, Mhz Limit: 2300
Processor Information for processor 8
  Max Mhz: 2300, Current Mhz: 2300, Mhz Limit: 2300
Processor Information for processor 9
  Max Mhz: 2300, Current Mhz: 2300, Mhz Limit: 2300
Processor Information for processor 10
  Max Mhz: 2300, Current Mhz: 2300, Mhz Limit: 2300
Processor Information for processor 11
  Max Mhz: 2300, Current Mhz: 2300, Mhz Limit: 2300
Processor Information for processor 12
  Max Mhz: 2300, Current Mhz: 2300, Mhz Limit: 2300
Processor Information for processor 13
  Max Mhz: 2300, Current Mhz: 2300, Mhz Limit: 2300
Processor Information for processor 14
  Max Mhz: 2300, Current Mhz: 2300, Mhz Limit: 2300
Processor Information for processor 15
  Max Mhz: 2300, Current Mhz: 2300, Mhz Limit: 2300
Processor Information for processor 16
  Max Mhz: 2300, Current Mhz: 2300, Mhz Limit: 2300
Processor Information for processor 17
  Max Mhz: 2300, Current Mhz: 1488, Mhz Limit: 2300
Processor Information for processor 18
  Max Mhz: 2300, Current Mhz: 2300, Mhz Limit: 2300
Processor Information for processor 19
  Max Mhz: 2300, Current Mhz: 2300, Mhz Limit: 2300

Memory: 4k page, system-wide physical 16068M (967M free)
TotalPageFile size 40644M (AvailPageFile size 10M)
current process WorkingSet (physical memory assigned to process): 241M, peak: 244M
current process commit charge ("private bytes"): 301M, peak: 399M

vm_info: OpenJDK 64-Bit Server VM (21.0.3+-12282718-b509.11) for windows-amd64 JRE (21.0.3+-12282718-b509.11), built on 2024-08-27T17:34:15Z by "builder" with MS VC++ 16.10 / 16.11 (VS2019)

END.
